<?xml version="1.0" encoding="UTF-8"?>
<!-- Generated by org.testng.reporters.JUnitReportReporter -->
<testsuite hostname="Chumki" failures="0" tests="1" name="pac.practice.LaunchAbyPropertyFile" time="14.932" errors="0" timestamp="23 Jul 2021 22:41:19 GMT" skipped="0">
  <testcase classname="pac.practice.LaunchAbyPropertyFile" name="readData" time="14.932"/>
</testsuite> <!-- pac.practice.LaunchAbyPropertyFile -->
